<?xml version="1.0" encoding="UTF-8"?>
<!-- Generated by org.testng.reporters.JUnitXMLReporter -->
<testsuite ignored="4" hostname="TYSS-Basavaraj" failures="0" tests="1" name="Default test" time="41.22" errors="0" timestamp="04 Jun 2024 04:53:04 GMT">
  <testcase classname="com.comcast.crm.leadtest.E2ELeadTest" name="convert_Lead_To_Opportunity" time="30.39"/>
  <testcase classname="com.comcast.crm.leadtest.E2ELeadTest" name="add_Event_For_Created_Lead" time="0.0">
    <ignored/>
  </testcase> <!-- add_Event_For_Created_Lead -->
  <testcase classname="com.comcast.crm.leadtest.E2ELeadTest" name="add_ToDo_For_Created_Lead" time="0.0">
    <ignored/>
  </testcase> <!-- add_ToDo_For_Created_Lead -->
  <testcase classname="com.comcast.crm.leadtest.E2ELeadTest" name="convert_Lead_Into_Org_And_Contact" time="0.0">
    <ignored/>
  </testcase> <!-- convert_Lead_Into_Org_And_Contact -->
  <testcase classname="com.comcast.crm.leadtest.E2ELeadTest" name="save_Mail_For_Created_Lead" time="0.0">
    <ignored/>
  </testcase> <!-- save_Mail_For_Created_Lead -->
</testsuite> <!-- Default test -->
