<?xml version="1.0" encoding="UTF-8"?>
<!-- Generated by org.testng.reporters.JUnitXMLReporter -->
<testsuite ignored="4" hostname="TYSS-Sanjay" failures="0" tests="1" name="Default test" time="10.072" errors="0" timestamp="03 Jun 2024 12:02:56 GMT">
  <testcase classname="com.comcast.crm.producttest.CreateProductTest" name="Create_Product_With_Mandatory_Fields" time="5.016"/>
  <testcase classname="com.comcast.crm.producttest.CreateProductTest" name="Add_Organization_To_ExistedProduct" time="0.0">
    <ignored/>
  </testcase> <!-- Add_Organization_To_ExistedProduct -->
  <testcase classname="com.comcast.crm.producttest.CreateProductTest" name="Create_Product_With_ProductCategory" time="0.0">
    <ignored/>
  </testcase> <!-- Create_Product_With_ProductCategory -->
  <testcase classname="com.comcast.crm.producttest.CreateProductTest" name="create_Product_With_VendorName" time="0.0">
    <ignored/>
  </testcase> <!-- create_Product_With_VendorName -->
  <testcase classname="com.comcast.crm.producttest.CreateProductTest" name="Delete_the_product" time="0.0">
    <ignored/>
  </testcase> <!-- Delete_the_product -->
</testsuite> <!-- Default test -->
