<?xml version="1.0" encoding="UTF-8"?>
<!-- Generated by org.testng.reporters.JUnitXMLReporter -->
<testsuite ignored="5" hostname="TYSS-Sanjay" failures="0" tests="1" name="Default test" time="19.439" errors="0" timestamp="04 Jun 2024 07:48:52 GMT">
  <testcase classname="com.comcast.crm.producttest.CreateProductTest" name="Add_Leads_For_Products" time="12.714"/>
  <testcase classname="com.comcast.crm.producttest.CreateProductTest" name="Create_Product_With_Mandatory_Fields" time="0.0">
    <ignored/>
  </testcase> <!-- Create_Product_With_Mandatory_Fields -->
  <testcase classname="com.comcast.crm.producttest.CreateProductTest" name="Add_Organization_To_ExistedProduct" time="0.0">
    <ignored/>
  </testcase> <!-- Add_Organization_To_ExistedProduct -->
  <testcase classname="com.comcast.crm.producttest.CreateProductTest" name="Create_Product_With_VendorName" time="0.0">
    <ignored/>
  </testcase> <!-- Create_Product_With_VendorName -->
  <testcase classname="com.comcast.crm.producttest.CreateProductTest" name="Create_Product_With_ProductCategory" time="0.0">
    <ignored/>
  </testcase> <!-- Create_Product_With_ProductCategory -->
  <testcase classname="com.comcast.crm.producttest.CreateProductTest" name="Delete_the_product" time="0.0">
    <ignored/>
  </testcase> <!-- Delete_the_product -->
</testsuite> <!-- Default test -->
