<?xml version="1.0" encoding="UTF-8"?>
<!-- Generated by org.testng.reporters.JUnitXMLReporter -->
<testsuite ignored="6" hostname="TYSS-Basavaraj" failures="0" tests="1" name="Default test" time="20.495" errors="0" timestamp="31 May 2024 09:12:09 GMT">
  <testcase classname="com.comcast.crm.leadtest.LeadTest" name="create_Lead_With_Without_Company" time="9.79"/>
  <testcase classname="com.comcast.crm.leadtest.LeadTest" name="duplicate_Lead" time="0.0">
    <ignored/>
  </testcase> <!-- duplicate_Lead -->
  <testcase classname="com.comcast.crm.leadtest.LeadTest" name="create_Lead_With_Without_Last_Name" time="0.0">
    <ignored/>
  </testcase> <!-- create_Lead_With_Without_Last_Name -->
  <testcase classname="com.comcast.crm.leadtest.LeadTest" name="edit_Last_Name_Of_Lead" time="0.0">
    <ignored/>
  </testcase> <!-- edit_Last_Name_Of_Lead -->
  <testcase classname="com.comcast.crm.leadtest.LeadTest" name="edit_Company_Of_Lead" time="0.0">
    <ignored/>
  </testcase> <!-- edit_Company_Of_Lead -->
  <testcase classname="com.comcast.crm.leadtest.LeadTest" name="delete_Lead" time="0.0">
    <ignored/>
  </testcase> <!-- delete_Lead -->
  <testcase classname="com.comcast.crm.leadtest.LeadTest" name="cancel_The_Deleting_Lead" time="0.0">
    <ignored/>
  </testcase> <!-- cancel_The_Deleting_Lead -->
</testsuite> <!-- Default test -->
