<?xml version="1.0" encoding="UTF-8"?>
<!-- Generated by org.testng.reporters.JUnitXMLReporter -->
<testsuite ignored="3" hostname="FFE-Asha-R" failures="0" tests="1" name="Default test" time="26.669" errors="0" timestamp="04 Jun 2024 07:32:39 GMT">
  <testcase classname="com.comcast.crm.oppotunityTest.OpportunityTest" name="add_Quote_To_OpportunityTest" time="20.004"/>
  <testcase classname="com.comcast.crm.oppotunityTest.OpportunityTest" name="Create_opportunity_with_ContactTest" time="0.0">
    <ignored/>
  </testcase> <!-- Create_opportunity_with_ContactTest -->
  <testcase classname="com.comcast.crm.oppotunityTest.OpportunityTest" name="Add_Document_to_OpportunityTest" time="0.0">
    <ignored/>
  </testcase> <!-- Add_Document_to_OpportunityTest -->
  <testcase classname="com.comcast.crm.oppotunityTest.OpportunityTest" name="Create_Invoice_For_OpportunityTest" time="0.0">
    <ignored/>
  </testcase> <!-- Create_Invoice_For_OpportunityTest -->
</testsuite> <!-- Default test -->
