<?xml version="1.0" encoding="UTF-8"?>
<!-- Generated by org.testng.reporters.JUnitXMLReporter -->
<testsuite ignored="7" hostname="TYSS-Basavaraj" failures="0" tests="1" name="Default test" time="17.269" errors="0" timestamp="03 Jun 2024 04:55:50 GMT">
  <testcase classname="com.comcast.crm.leadtest.LeadTest" name="save_Mail_For_Created_Lead" time="12.413"/>
  <testcase classname="com.comcast.crm.leadtest.LeadTest" name="duplicate_Lead" time="0.0">
    <ignored/>
  </testcase> <!-- duplicate_Lead -->
  <testcase classname="com.comcast.crm.leadtest.LeadTest" name="edit_Last_Name_Of_Lead" time="0.0">
    <ignored/>
  </testcase> <!-- edit_Last_Name_Of_Lead -->
  <testcase classname="com.comcast.crm.leadtest.LeadTest" name="create_Lead_With_Without_Last_Name" time="0.0">
    <ignored/>
  </testcase> <!-- create_Lead_With_Without_Last_Name -->
  <testcase classname="com.comcast.crm.leadtest.LeadTest" name="edit_Company_Of_Lead" time="0.0">
    <ignored/>
  </testcase> <!-- edit_Company_Of_Lead -->
  <testcase classname="com.comcast.crm.leadtest.LeadTest" name="delete_Lead" time="0.0">
    <ignored/>
  </testcase> <!-- delete_Lead -->
  <testcase classname="com.comcast.crm.leadtest.LeadTest" name="cancel_The_Deleting_Lead" time="0.0">
    <ignored/>
  </testcase> <!-- cancel_The_Deleting_Lead -->
  <testcase classname="com.comcast.crm.leadtest.LeadTest" name="create_Lead_With_Without_Company" time="0.0">
    <ignored/>
  </testcase> <!-- create_Lead_With_Without_Company -->
</testsuite> <!-- Default test -->
