<?xml version="1.0" encoding="UTF-8"?>
<testng-results ignored="4" total="5" passed="1" failed="0" skipped="0">
  <reporter-output>
  </reporter-output>
  <suite started-at="2024-06-04T04:52:22Z" name="Default suite" finished-at="2024-06-04T04:53:04Z" duration-ms="41220">
    <groups>
      <group name="regressionTest">
        <method signature="E2ELeadTest.convert_Lead_To_Opportunity()[pri:0, instance:com.comcast.crm.leadtest.E2ELeadTest@58be6e8]" name="convert_Lead_To_Opportunity" class="com.comcast.crm.leadtest.E2ELeadTest"/>
      </group> <!-- regressionTest -->
    </groups>
    <test started-at="2024-06-04T04:52:22Z" name="Default test" finished-at="2024-06-04T04:53:04Z" duration-ms="41220">
      <class name="com.comcast.crm.leadtest.E2ELeadTest">
        <test-method is-config="true" signature="configBS()[pri:0, instance:com.comcast.crm.leadtest.E2ELeadTest@58be6e8]" started-at="2024-06-04T04:52:22Z" name="configBS" finished-at="2024-06-04T04:52:22Z" duration-ms="76" status="PASS">
          <reporter-output>
          </reporter-output>
        </test-method> <!-- configBS -->
        <test-method is-config="true" signature="configBC()[pri:0, instance:com.comcast.crm.leadtest.E2ELeadTest@58be6e8]" started-at="2024-06-04T04:52:22Z" name="configBC" finished-at="2024-06-04T04:52:25Z" duration-ms="2707" status="PASS">
          <reporter-output>
          </reporter-output>
        </test-method> <!-- configBC -->
        <test-method is-config="true" signature="configBM()[pri:0, instance:com.comcast.crm.leadtest.E2ELeadTest@58be6e8]" started-at="2024-06-04T04:52:25Z" name="configBM" finished-at="2024-06-04T04:52:30Z" duration-ms="5437" status="PASS">
          <reporter-output>
          </reporter-output>
        </test-method> <!-- configBM -->
        <test-method signature="convert_Lead_To_Opportunity()[pri:0, instance:com.comcast.crm.leadtest.E2ELeadTest@58be6e8]" started-at="2024-06-04T04:52:30Z" name="convert_Lead_To_Opportunity" finished-at="2024-06-04T04:53:01Z" duration-ms="30390" status="PASS">
          <reporter-output>
          </reporter-output>
        </test-method> <!-- convert_Lead_To_Opportunity -->
        <test-method is-config="true" signature="configAM()[pri:0, instance:com.comcast.crm.leadtest.E2ELeadTest@58be6e8]" started-at="2024-06-04T04:53:01Z" name="configAM" finished-at="2024-06-04T04:53:03Z" duration-ms="2185" status="PASS">
          <reporter-output>
          </reporter-output>
        </test-method> <!-- configAM -->
        <test-method is-config="true" signature="configAC()[pri:0, instance:com.comcast.crm.leadtest.E2ELeadTest@58be6e8]" started-at="2024-06-04T04:53:03Z" name="configAC" finished-at="2024-06-04T04:53:04Z" duration-ms="456" status="PASS">
          <reporter-output>
          </reporter-output>
        </test-method> <!-- configAC -->
        <test-method is-config="true" signature="configAS()[pri:0, instance:com.comcast.crm.leadtest.E2ELeadTest@58be6e8]" started-at="2024-06-04T04:53:04Z" name="configAS" finished-at="2024-06-04T04:53:04Z" duration-ms="0" status="PASS">
          <reporter-output>
          </reporter-output>
        </test-method> <!-- configAS -->
      </class> <!-- com.comcast.crm.leadtest.E2ELeadTest -->
    </test> <!-- Default test -->
  </suite> <!-- Default suite -->
</testng-results>
