<?xml version="1.0" encoding="UTF-8"?>
<!-- Generated by org.testng.reporters.JUnitXMLReporter -->
<testsuite ignored="63" hostname="TYSS-Basavaraj" failures="1" tests="2" name="Test" time="18.682" errors="0" timestamp="04 Jun 2024 07:58:29 GMT">
  <testcase classname="com.comcast.crm.leadtest.CreateLeadTest" name="create_Lead_With_Mandatory_Fields" time="6.694"/>
  <testcase classname="com.comcast.crm.contacttest.SampleTest" name="createConTactTest" time="0.073">
    <failure type="java.lang.NullPointerException" message="Cannot invoke &amp;quot;org.apache.poi.ss.usermodel.Sheet.getRow(int)&amp;quot; because the return value of &amp;quot;org.apache.poi.ss.usermodel.Workbook.getSheet(String)&amp;quot; is null">
      <![CDATA[java.lang.NullPointerException: Cannot invoke "org.apache.poi.ss.usermodel.Sheet.getRow(int)" because the return value of "org.apache.poi.ss.usermodel.Workbook.getSheet(String)" is null
at com.comcast.crm.generic.fileutility.ExcelUtility.getDataFromExcel(ExcelUtility.java:31)
at com.comcast.crm.contacttest.SampleTest.createConTactTest(SampleTest.java:16)
... Removed 25 stack frames]]>
    </failure>
  </testcase> <!-- createConTactTest -->
  <testcase classname="com.comcast.crm.campaigns.Create_Campaigns" name="createCampaignsTest" time="0.0">
    <ignored/>
  </testcase> <!-- createCampaignsTest -->
  <testcase classname="com.comcast.crm.leadtest.LeadTest" name="edit_Company_Of_Lead" time="0.0">
    <ignored/>
  </testcase> <!-- edit_Company_Of_Lead -->
  <testcase classname="com.comcast.crm.producttest.CreateProductTest" name="Delete_the_product" time="0.0">
    <ignored/>
  </testcase> <!-- Delete_the_product -->
  <testcase classname="com.comcast.crm.organizationtest.createOrganization" name="user_is_able_to_create_a_Organization" time="0.0">
    <ignored/>
  </testcase> <!-- user_is_able_to_create_a_Organization -->
  <testcase classname="com.comcast.crm.leadtest.LeadTest" name="cancel_The_Deleting_Lead" time="0.0">
    <ignored/>
  </testcase> <!-- cancel_The_Deleting_Lead -->
  <testcase classname="com.comcast.crm.leadtest.CreateLeadTest" name="create_Lead_With_Address_Information" time="0.0">
    <ignored/>
  </testcase> <!-- create_Lead_With_Address_Information -->
  <testcase classname="com.comcast.crm.oppotunityTest.OpportunityTest" name="Create_opportunity_with_ContactTest" time="0.0">
    <ignored/>
  </testcase> <!-- Create_opportunity_with_ContactTest -->
  <testcase classname="com.comcast.crm.leadtest.CreateLeadTest" name="create_Lead_With_Industry" time="0.0">
    <ignored/>
  </testcase> <!-- create_Lead_With_Industry -->
  <testcase classname="com.comcast.crm.generic.basetest.BaseClass" name="@AfterSuite configAS" time="0.0">
    <ignored/>
  </testcase> <!-- @AfterSuite configAS -->
  <testcase classname="com.comcast.crm.generic.basetest.BaseClass" name="@AfterSuite configAS" time="0.0">
    <ignored/>
  </testcase> <!-- @AfterSuite configAS -->
  <testcase classname="com.comcast.crm.generic.basetest.BaseClass" name="@AfterSuite configAS" time="0.0">
    <ignored/>
  </testcase> <!-- @AfterSuite configAS -->
  <testcase classname="com.comcast.crm.generic.basetest.BaseClass" name="@AfterSuite configAS" time="0.0">
    <ignored/>
  </testcase> <!-- @AfterSuite configAS -->
  <testcase classname="com.comcast.crm.generic.basetest.BaseClass" name="@AfterSuite configAS" time="0.0">
    <ignored/>
  </testcase> <!-- @AfterSuite configAS -->
  <testcase classname="com.comcast.crm.generic.basetest.BaseClass" name="@AfterSuite configAS" time="0.0">
    <ignored/>
  </testcase> <!-- @AfterSuite configAS -->
  <testcase classname="com.comcast.crm.generic.basetest.BaseClass" name="@AfterSuite configAS" time="0.0">
    <ignored/>
  </testcase> <!-- @AfterSuite configAS -->
  <testcase classname="com.comcast.crm.generic.basetest.BaseClass" name="@AfterSuite configAS" time="0.0">
    <ignored/>
  </testcase> <!-- @AfterSuite configAS -->
  <testcase classname="com.comcast.crm.generic.basetest.BaseClass" name="@AfterSuite configAS" time="0.0">
    <ignored/>
  </testcase> <!-- @AfterSuite configAS -->
  <testcase classname="com.comcast.crm.generic.basetest.BaseClass" name="@AfterSuite configAS" time="0.0">
    <ignored/>
  </testcase> <!-- @AfterSuite configAS -->
  <testcase classname="com.comcast.crm.generic.basetest.BaseClass" name="@AfterSuite configAS" time="0.0">
    <ignored/>
  </testcase> <!-- @AfterSuite configAS -->
  <testcase classname="com.comcast.crm.generic.basetest.BaseClass" name="@AfterSuite configAS" time="0.0">
    <ignored/>
  </testcase> <!-- @AfterSuite configAS -->
  <testcase classname="com.comcast.crm.generic.basetest.BaseClass" name="@AfterSuite configAS" time="0.0">
    <ignored/>
  </testcase> <!-- @AfterSuite configAS -->
  <testcase classname="com.comcast.crm.organizationtest.addNoteTest" name="user_is_able_to_add_a_note" time="0.0">
    <ignored/>
  </testcase> <!-- user_is_able_to_add_a_note -->
  <testcase classname="com.comcast.crm.leadtest.E2ELeadTest" name="save_Mail_For_Created_Lead" time="0.0">
    <ignored/>
  </testcase> <!-- save_Mail_For_Created_Lead -->
  <testcase classname="com.comcast.crm.producttest.CreateProductTest" name="create_Product_With_VendorName" time="0.0">
    <ignored/>
  </testcase> <!-- create_Product_With_VendorName -->
  <testcase classname="com.comcast.crm.leadtest.LeadTest" name="delete_Lead" time="0.0">
    <ignored/>
  </testcase> <!-- delete_Lead -->
  <testcase classname="com.comcast.crm.campaigns.MassEditForCampaign" name="editCampaignStatusInMassEditThroughCampaigns" time="0.0">
    <ignored/>
  </testcase> <!-- editCampaignStatusInMassEditThroughCampaigns -->
  <testcase classname="com.comcast.crm.leadtest.E2ELeadTest" name="add_ToDo_For_Created_Lead" time="0.0">
    <ignored/>
  </testcase> <!-- add_ToDo_For_Created_Lead -->
  <testcase classname="com.comcast.crm.leadtest.LeadTest" name="duplicate_Lead" time="0.0">
    <ignored/>
  </testcase> <!-- duplicate_Lead -->
  <testcase classname="com.comcast.crm.producttest.CreateProductTest" name="Add_Organization_To_ExistedProduct" time="0.0">
    <ignored/>
  </testcase> <!-- Add_Organization_To_ExistedProduct -->
  <testcase classname="com.comcast.crm.leadtest.LeadTest" name="edit_Last_Name_Of_Lead" time="0.0">
    <ignored/>
  </testcase> <!-- edit_Last_Name_Of_Lead -->
  <testcase classname="com.comcast.crm.leadtest.CreateLeadTest" name="create_Lead_With_Annual_Revenue" time="0.0">
    <ignored/>
  </testcase> <!-- create_Lead_With_Annual_Revenue -->
  <testcase classname="com.comcast.crm.organizationtest.EditOrganizationTest" name="user_is_able_to_edit_the_organization" time="0.0">
    <ignored/>
  </testcase> <!-- user_is_able_to_edit_the_organization -->
  <testcase classname="com.comcast.crm.campaigns.Advance_Search" name="searchWithNameContainsInCampaignName" time="0.0">
    <ignored/>
  </testcase> <!-- searchWithNameContainsInCampaignName -->
  <testcase classname="com.comcast.crm.producttest.CreateProductTest" name="Create_Product_With_ProductCategory" time="0.0">
    <ignored/>
  </testcase> <!-- Create_Product_With_ProductCategory -->
  <testcase classname="com.comcast.crm.organizationtest.createAContactInMoreInfoTest" name="creata_A_Contact" time="0.0">
    <ignored/>
  </testcase> <!-- creata_A_Contact -->
  <testcase classname="com.comcast.crm.leadtest.LeadTest" name="create_Lead_With_Without_Company" time="0.0">
    <ignored/>
  </testcase> <!-- create_Lead_With_Without_Company -->
  <testcase classname="com.comcast.crm.producttest.CreateProductTest" name="Create_Product_With_Mandatory_Fields" time="0.0">
    <ignored/>
  </testcase> <!-- Create_Product_With_Mandatory_Fields -->
  <testcase classname="com.comcast.crm.leadtest.CreateLeadTest" name="create_Lead_With_Description_Information" time="0.0">
    <ignored/>
  </testcase> <!-- create_Lead_With_Description_Information -->
  <testcase classname="com.comcast.crm.leadtest.CreateLeadTest" name="create_Lead_With_Fax" time="0.0">
    <ignored/>
  </testcase> <!-- create_Lead_With_Fax -->
  <testcase classname="com.comcast.crm.leadtest.E2ELeadTest" name="add_Event_For_Created_Lead" time="0.0">
    <ignored/>
  </testcase> <!-- add_Event_For_Created_Lead -->
  <testcase classname="com.comcast.crm.leadtest.LeadTest" name="create_Lead_With_Without_Last_Name" time="0.0">
    <ignored/>
  </testcase> <!-- create_Lead_With_Without_Last_Name -->
  <testcase classname="com.comcast.crm.campaigns.CreateCampaignWithProduct" name="campaignWithProduct" time="0.0">
    <ignored/>
  </testcase> <!-- campaignWithProduct -->
  <testcase classname="com.comcast.crm.leadtest.E2ELeadTest" name="convert_Lead_Into_Org_And_Contact" time="0.0">
    <ignored/>
  </testcase> <!-- convert_Lead_Into_Org_And_Contact -->
  <testcase classname="com.comcast.crm.leadtest.CreateLeadTest" name="create_Lead_With_Lead_Source" time="0.0">
    <ignored/>
  </testcase> <!-- create_Lead_With_Lead_Source -->
  <testcase classname="com.comcast.crm.leadtest.CreateLeadTest" name="create_Lead_With_Title" time="0.0">
    <ignored/>
  </testcase> <!-- create_Lead_With_Title -->
  <testcase classname="com.comcast.crm.generic.basetest.BaseClass" name="@BeforeSuite configBS" time="0.0">
    <ignored/>
  </testcase> <!-- @BeforeSuite configBS -->
  <testcase classname="com.comcast.crm.generic.basetest.BaseClass" name="@BeforeSuite configBS" time="0.0">
    <ignored/>
  </testcase> <!-- @BeforeSuite configBS -->
  <testcase classname="com.comcast.crm.generic.basetest.BaseClass" name="@BeforeSuite configBS" time="0.0">
    <ignored/>
  </testcase> <!-- @BeforeSuite configBS -->
  <testcase classname="com.comcast.crm.generic.basetest.BaseClass" name="@BeforeSuite configBS" time="0.0">
    <ignored/>
  </testcase> <!-- @BeforeSuite configBS -->
  <testcase classname="com.comcast.crm.generic.basetest.BaseClass" name="@BeforeSuite configBS" time="0.0">
    <ignored/>
  </testcase> <!-- @BeforeSuite configBS -->
  <testcase classname="com.comcast.crm.generic.basetest.BaseClass" name="@BeforeSuite configBS" time="0.0">
    <ignored/>
  </testcase> <!-- @BeforeSuite configBS -->
  <testcase classname="com.comcast.crm.generic.basetest.BaseClass" name="@BeforeSuite configBS" time="0.0">
    <ignored/>
  </testcase> <!-- @BeforeSuite configBS -->
  <testcase classname="com.comcast.crm.leadtest.CreateLeadTest" name="create_Lead_With_Email" time="0.0">
    <ignored/>
  </testcase> <!-- create_Lead_With_Email -->
  <testcase classname="com.comcast.crm.generic.basetest.BaseClass" name="@BeforeSuite configBS" time="0.0">
    <ignored/>
  </testcase> <!-- @BeforeSuite configBS -->
  <testcase classname="com.comcast.crm.generic.basetest.BaseClass" name="@BeforeSuite configBS" time="0.0">
    <ignored/>
  </testcase> <!-- @BeforeSuite configBS -->
  <testcase classname="com.comcast.crm.generic.basetest.BaseClass" name="@BeforeSuite configBS" time="0.0">
    <ignored/>
  </testcase> <!-- @BeforeSuite configBS -->
  <testcase classname="com.comcast.crm.generic.basetest.BaseClass" name="@BeforeSuite configBS" time="0.0">
    <ignored/>
  </testcase> <!-- @BeforeSuite configBS -->
  <testcase classname="com.comcast.crm.generic.basetest.BaseClass" name="@BeforeSuite configBS" time="0.0">
    <ignored/>
  </testcase> <!-- @BeforeSuite configBS -->
  <testcase classname="com.comcast.crm.generic.basetest.BaseClass" name="@BeforeSuite configBS" time="0.0">
    <ignored/>
  </testcase> <!-- @BeforeSuite configBS -->
  <testcase classname="com.comcast.crm.oppotunityTest.OpportunityTest" name="Create_Invoice_For_OpportunityTest" time="0.0">
    <ignored/>
  </testcase> <!-- Create_Invoice_For_OpportunityTest -->
  <testcase classname="com.comcast.crm.leadtest.CreateLeadTest" name="create_Lead_With_Website" time="0.0">
    <ignored/>
  </testcase> <!-- create_Lead_With_Website -->
  <testcase classname="com.comcast.crm.leadtest.CreateLeadTest" name="create_Lead_With_Phone_Number" time="0.0">
    <ignored/>
  </testcase> <!-- create_Lead_With_Phone_Number -->
  <testcase classname="com.comcast.crm.leadtest.E2ELeadTest" name="convert_Lead_To_Opportunity" time="0.0">
    <ignored/>
  </testcase> <!-- convert_Lead_To_Opportunity -->
</testsuite> <!-- Test -->
